<?xml version="1.0" encoding="UTF-8"?>
<!-- Generated by org.testng.reporters.JUnitReportReporter -->
<testsuite skipped="0" hostname="LAPTOP-9O6E1R3M" name="testCases.CreateOneProduct" tests="3" failures="0" timestamp="25 Jun 2022 21:10:57 GMT" time="4.204" errors="0">
  <testcase name="createOneProduct" time="2.825" classname="testCases.CreateOneProduct"/>
  <testcase name="getFirstProductID" time="0.962" classname="testCases.CreateOneProduct"/>
  <testcase name="validateProductDetails" time="0.417" classname="testCases.CreateOneProduct"/>
</testsuite> <!-- testCases.CreateOneProduct -->
