<?xml version="1.0" encoding="UTF-8"?>
<!-- Generated by org.testng.reporters.JUnitReportReporter -->
<testsuite skipped="0" hostname="LAPTOP-9O6E1R3M" name="testCases.UpdateOneProduct" tests="2" failures="0" timestamp="25 Jun 2022 23:27:36 GMT" time="2.500" errors="0">
  <testcase name="updateOneProduct" time="2.064" classname="testCases.UpdateOneProduct"/>
  <testcase name="validateProductUpdateDetails" time="0.436" classname="testCases.UpdateOneProduct"/>
</testsuite> <!-- testCases.UpdateOneProduct -->
