<?xml version="1.0" encoding="UTF-8"?>
<!-- Generated by org.testng.reporters.JUnitReportReporter -->
<testsuite skipped="0" hostname="LAPTOP-9O6E1R3M" name="testCases.ReadAllProducts" tests="1" failures="0" timestamp="25 Jun 2022 16:19:10 GMT" time="1.919" errors="0">
  <testcase name="readAllProducts" time="1.919" classname="testCases.ReadAllProducts"/>
</testsuite> <!-- testCases.ReadAllProducts -->
