<?xml version="1.0" encoding="UTF-8"?>
<!-- Generated by org.testng.reporters.JUnitReportReporter -->
<testsuite skipped="0" hostname="LAPTOP-9O6E1R3M" name="testCases.ReadOneProduct" tests="1" failures="0" timestamp="25 Jun 2022 19:21:47 GMT" time="2.003" errors="0">
  <testcase name="readOneProduct" time="2.003" classname="testCases.ReadOneProduct"/>
</testsuite> <!-- testCases.ReadOneProduct -->
