<?xml version="1.0" encoding="UTF-8"?>
<!-- Generated by org.testng.reporters.JUnitReportReporter -->
<testsuite skipped="0" hostname="LAPTOP-9O6E1R3M" name="testCases.DeleteOneProduct" tests="2" failures="0" timestamp="26 Jun 2022 03:43:57 GMT" time="2.702" errors="0">
  <testcase name="deleteOneProduct" time="2.263" classname="testCases.DeleteOneProduct"/>
  <testcase name="validateProductDeleteDetails" time="0.439" classname="testCases.DeleteOneProduct"/>
</testsuite> <!-- testCases.DeleteOneProduct -->
